{"/Users/shivangisaraf/Desktop/push/StudentHub/app.js": {"path":"/Users/shivangisaraf/Desktop/push/StudentHub/app.js","statementMap":{"0":{"start":{"line":1,"column":16},"end":{"line":1,"column":34}},"1":{"start":{"line":2,"column":17},"end":{"line":2,"column":36}},"2":{"start":{"line":3,"column":15},"end":{"line":3,"column":32}},"3":{"start":{"line":4,"column":22},"end":{"line":4,"column":49}},"4":{"start":{"line":6,"column":0},"end":{"line":6,"column":16}},"5":{"start":{"line":7,"column":12},"end":{"line":7,"column":21}},"6":{"start":{"line":9,"column":0},"end":{"line":9,"column":30}},"7":{"start":{"line":10,"column":0},"end":{"line":10,"column":24}},"8":{"start":{"line":11,"column":0},"end":{"line":11,"column":48}},"9":{"start":{"line":12,"column":0},"end":{"line":12,"column":34}},"10":{"start":{"line":13,"column":0},"end":{"line":13,"column":28}},"11":{"start":{"line":15,"column":0},"end":{"line":27,"column":1}},"12":{"start":{"line":16,"column":15},"end":{"line":16,"column":39}},"13":{"start":{"line":17,"column":2},"end":{"line":26,"column":7}},"14":{"start":{"line":19,"column":6},"end":{"line":19,"column":39}},"15":{"start":{"line":20,"column":6},"end":{"line":22,"column":9}},"16":{"start":{"line":21,"column":8},"end":{"line":21,"column":54}},"17":{"start":{"line":25,"column":6},"end":{"line":25,"column":54}},"18":{"start":{"line":29,"column":0},"end":{"line":29,"column":21}}},"fnMap":{"0":{"name":"(anonymous_0)","decl":{"start":{"line":18,"column":10},"end":{"line":18,"column":11}},"loc":{"start":{"line":18,"column":16},"end":{"line":23,"column":5}},"line":18},"1":{"name":"(anonymous_1)","decl":{"start":{"line":20,"column":23},"end":{"line":20,"column":24}},"loc":{"start":{"line":20,"column":29},"end":{"line":22,"column":7}},"line":20},"2":{"name":"(anonymous_2)","decl":{"start":{"line":24,"column":11},"end":{"line":24,"column":12}},"loc":{"start":{"line":24,"column":20},"end":{"line":26,"column":5}},"line":24}},"branchMap":{"0":{"loc":{"start":{"line":15,"column":0},"end":{"line":27,"column":1}},"type":"if","locations":[{"start":{"line":15,"column":0},"end":{"line":27,"column":1}},{"start":{},"end":{}}],"line":15},"1":{"loc":{"start":{"line":16,"column":15},"end":{"line":16,"column":39}},"type":"binary-expr","locations":[{"start":{"line":16,"column":15},"end":{"line":16,"column":31}},{"start":{"line":16,"column":35},"end":{"line":16,"column":39}}],"line":16},"2":{"loc":{"start":{"line":17,"column":19},"end":{"line":17,"column":81}},"type":"binary-expr","locations":[{"start":{"line":17,"column":19},"end":{"line":17,"column":40}},{"start":{"line":17,"column":44},"end":{"line":17,"column":81}}],"line":17}},"s":{"0":1,"1":1,"2":1,"3":1,"4":1,"5":1,"6":1,"7":1,"8":1,"9":1,"10":1,"11":1,"12":0,"13":0,"14":0,"15":0,"16":0,"17":0,"18":1},"f":{"0":0,"1":0,"2":0},"b":{"0":[0,1],"1":[0,0],"2":[0,0]},"_coverageSchema":"1a1c01bbd47fc00a2c39e90264f33305004495a9","hash":"5f488cd9e5d42e8a31c2af8188161c44f8c3f97c"}
,"/Users/shivangisaraf/Desktop/push/StudentHub/models/Student.js": {"path":"/Users/shivangisaraf/Desktop/push/StudentHub/models/Student.js","statementMap":{"0":{"start":{"line":1,"column":17},"end":{"line":1,"column":36}},"1":{"start":{"line":3,"column":22},"end":{"line":10,"column":2}},"2":{"start":{"line":12,"column":0},"end":{"line":12,"column":58}}},"fnMap":{},"branchMap":{},"s":{"0":3,"1":3,"2":3},"f":{},"b":{},"_coverageSchema":"1a1c01bbd47fc00a2c39e90264f33305004495a9","hash":"d1457fc7e5f76f5dd57d67823b142b2a393523c7"}
,"/Users/shivangisaraf/Desktop/push/StudentHub/routes/student.js": {"path":"/Users/shivangisaraf/Desktop/push/StudentHub/routes/student.js","statementMap":{"0":{"start":{"line":1,"column":16},"end":{"line":1,"column":34}},"1":{"start":{"line":2,"column":15},"end":{"line":2,"column":31}},"2":{"start":{"line":3,"column":16},"end":{"line":3,"column":44}},"3":{"start":{"line":6,"column":0},"end":{"line":15,"column":3}},"4":{"start":{"line":7,"column":2},"end":{"line":14,"column":3}},"5":{"start":{"line":8,"column":21},"end":{"line":8,"column":41}},"6":{"start":{"line":9,"column":4},"end":{"line":9,"column":47}},"7":{"start":{"line":10,"column":4},"end":{"line":10,"column":38}},"8":{"start":{"line":12,"column":4},"end":{"line":12,"column":47}},"9":{"start":{"line":13,"column":4},"end":{"line":13,"column":50}},"10":{"start":{"line":18,"column":0},"end":{"line":21,"column":3}},"11":{"start":{"line":19,"column":2},"end":{"line":19,"column":44}},"12":{"start":{"line":20,"column":2},"end":{"line":20,"column":20}},"13":{"start":{"line":24,"column":0},"end":{"line":40,"column":3}},"14":{"start":{"line":25,"column":2},"end":{"line":39,"column":3}},"15":{"start":{"line":26,"column":36},"end":{"line":26,"column":44}},"16":{"start":{"line":27,"column":4},"end":{"line":27,"column":54}},"17":{"start":{"line":29,"column":4},"end":{"line":31,"column":5}},"18":{"start":{"line":30,"column":6},"end":{"line":30,"column":49}},"19":{"start":{"line":33,"column":4},"end":{"line":33,"column":50}},"20":{"start":{"line":34,"column":4},"end":{"line":34,"column":59}},"21":{"start":{"line":35,"column":4},"end":{"line":35,"column":22}},"22":{"start":{"line":37,"column":4},"end":{"line":37,"column":51}},"23":{"start":{"line":38,"column":4},"end":{"line":38,"column":50}},"24":{"start":{"line":43,"column":0},"end":{"line":52,"column":3}},"25":{"start":{"line":44,"column":2},"end":{"line":51,"column":3}},"26":{"start":{"line":45,"column":20},"end":{"line":45,"column":57}},"27":{"start":{"line":46,"column":4},"end":{"line":46,"column":70}},"28":{"start":{"line":47,"column":4},"end":{"line":47,"column":36}},"29":{"start":{"line":49,"column":4},"end":{"line":49,"column":55}},"30":{"start":{"line":50,"column":4},"end":{"line":50,"column":50}},"31":{"start":{"line":55,"column":0},"end":{"line":69,"column":3}},"32":{"start":{"line":56,"column":2},"end":{"line":68,"column":3}},"33":{"start":{"line":57,"column":36},"end":{"line":57,"column":44}},"34":{"start":{"line":58,"column":4},"end":{"line":60,"column":5}},"35":{"start":{"line":59,"column":6},"end":{"line":59,"column":49}},"36":{"start":{"line":62,"column":4},"end":{"line":62,"column":76}},"37":{"start":{"line":63,"column":4},"end":{"line":63,"column":61}},"38":{"start":{"line":64,"column":4},"end":{"line":64,"column":22}},"39":{"start":{"line":66,"column":4},"end":{"line":66,"column":56}},"40":{"start":{"line":67,"column":4},"end":{"line":67,"column":50}},"41":{"start":{"line":72,"column":0},"end":{"line":81,"column":3}},"42":{"start":{"line":73,"column":2},"end":{"line":80,"column":3}},"43":{"start":{"line":74,"column":4},"end":{"line":74,"column":51}},"44":{"start":{"line":75,"column":4},"end":{"line":75,"column":61}},"45":{"start":{"line":76,"column":4},"end":{"line":76,"column":22}},"46":{"start":{"line":78,"column":4},"end":{"line":78,"column":58}},"47":{"start":{"line":79,"column":4},"end":{"line":79,"column":50}},"48":{"start":{"line":83,"column":0},"end":{"line":83,"column":24}}},"fnMap":{"0":{"name":"(anonymous_0)","decl":{"start":{"line":6,"column":16},"end":{"line":6,"column":17}},"loc":{"start":{"line":6,"column":36},"end":{"line":15,"column":1}},"line":6},"1":{"name":"(anonymous_1)","decl":{"start":{"line":18,"column":19},"end":{"line":18,"column":20}},"loc":{"start":{"line":18,"column":33},"end":{"line":21,"column":1}},"line":18},"2":{"name":"(anonymous_2)","decl":{"start":{"line":24,"column":20},"end":{"line":24,"column":21}},"loc":{"start":{"line":24,"column":40},"end":{"line":40,"column":1}},"line":24},"3":{"name":"(anonymous_3)","decl":{"start":{"line":43,"column":24},"end":{"line":43,"column":25}},"loc":{"start":{"line":43,"column":44},"end":{"line":52,"column":1}},"line":43},"4":{"name":"(anonymous_4)","decl":{"start":{"line":55,"column":25},"end":{"line":55,"column":26}},"loc":{"start":{"line":55,"column":45},"end":{"line":69,"column":1}},"line":55},"5":{"name":"(anonymous_5)","decl":{"start":{"line":72,"column":27},"end":{"line":72,"column":28}},"loc":{"start":{"line":72,"column":47},"end":{"line":81,"column":1}},"line":72}},"branchMap":{"0":{"loc":{"start":{"line":29,"column":4},"end":{"line":31,"column":5}},"type":"if","locations":[{"start":{"line":29,"column":4},"end":{"line":31,"column":5}},{"start":{},"end":{}}],"line":29},"1":{"loc":{"start":{"line":29,"column":8},"end":{"line":29,"column":34}},"type":"binary-expr","locations":[{"start":{"line":29,"column":8},"end":{"line":29,"column":13}},{"start":{"line":29,"column":17},"end":{"line":29,"column":23}},{"start":{"line":29,"column":27},"end":{"line":29,"column":34}}],"line":29},"2":{"loc":{"start":{"line":58,"column":4},"end":{"line":60,"column":5}},"type":"if","locations":[{"start":{"line":58,"column":4},"end":{"line":60,"column":5}},{"start":{},"end":{}}],"line":58},"3":{"loc":{"start":{"line":58,"column":8},"end":{"line":58,"column":34}},"type":"binary-expr","locations":[{"start":{"line":58,"column":8},"end":{"line":58,"column":13}},{"start":{"line":58,"column":17},"end":{"line":58,"column":23}},{"start":{"line":58,"column":27},"end":{"line":58,"column":34}}],"line":58}},"s":{"0":1,"1":1,"2":1,"3":1,"4":1,"5":1,"6":1,"7":1,"8":0,"9":0,"10":1,"11":0,"12":0,"13":1,"14":2,"15":2,"16":2,"17":2,"18":0,"19":2,"20":2,"21":2,"22":0,"23":0,"24":1,"25":0,"26":0,"27":0,"28":0,"29":0,"30":0,"31":1,"32":0,"33":0,"34":0,"35":0,"36":0,"37":0,"38":0,"39":0,"40":0,"41":1,"42":0,"43":0,"44":0,"45":0,"46":0,"47":0,"48":1},"f":{"0":1,"1":0,"2":2,"3":0,"4":0,"5":0},"b":{"0":[0,2],"1":[2,2,2],"2":[0,0],"3":[0,0,0]},"_coverageSchema":"1a1c01bbd47fc00a2c39e90264f33305004495a9","hash":"58bd4869b3c30477db17fc748e47666e9fae72fd"}
}
